c:\users\jmock\source\repos\eigenwrapper\eigenwrapperuwp\release\eigenwrapperuwp.pch
c:\users\jmock\source\repos\eigenwrapper\eigenwrapperuwp\release\vc142.pdb
c:\users\jmock\source\repos\eigenwrapper\eigenwrapperuwp\release\pch.obj
c:\users\jmock\source\repos\eigenwrapper\eigenwrapperuwp\release\eigenwrapperuwp.obj
c:\users\jmock\source\repos\eigenwrapper\eigenwrapperuwp\release\dllmain.obj
c:\users\jmock\source\repos\eigenwrapper\release\eigenwrapperuwp\eigenwrapperuwp.lib
c:\users\jmock\source\repos\eigenwrapper\release\eigenwrapperuwp\eigenwrapperuwp.exp
c:\users\jmock\source\repos\eigenwrapper\release\eigenwrapperuwp\eigenwrapperuwp.ipdb
c:\users\jmock\source\repos\eigenwrapper\release\eigenwrapperuwp\eigenwrapperuwp.iobj
c:\users\jmock\source\repos\eigenwrapper\eigenwrapperuwp\release\priconfig.xml
c:\users\jmock\source\repos\eigenwrapper\eigenwrapperuwp\release\priconfig.xml.intermediate
c:\users\jmock\source\repos\eigenwrapper\eigenwrapperuwp\release\unfiltered.layout.resfiles
c:\users\jmock\source\repos\eigenwrapper\eigenwrapperuwp\release\unfiltered.layout.resfiles.intermediate
c:\users\jmock\source\repos\eigenwrapper\eigenwrapperuwp\release\filtered.layout.resfiles
c:\users\jmock\source\repos\eigenwrapper\eigenwrapperuwp\release\filtered.layout.resfiles.intermediate
c:\users\jmock\source\repos\eigenwrapper\eigenwrapperuwp\release\excluded.layout.resfiles
c:\users\jmock\source\repos\eigenwrapper\eigenwrapperuwp\release\excluded.layout.resfiles.intermediate
c:\users\jmock\source\repos\eigenwrapper\eigenwrapperuwp\release\resources.resfiles
c:\users\jmock\source\repos\eigenwrapper\eigenwrapperuwp\release\resources.resfiles.intermediate
c:\users\jmock\source\repos\eigenwrapper\eigenwrapperuwp\release\pri.resfiles
c:\users\jmock\source\repos\eigenwrapper\eigenwrapperuwp\release\pri.resfiles.intermediate
c:\users\jmock\source\repos\eigenwrapper\release\eigenwrapperuwp\eigenwrapperuwp.pri
c:\users\jmock\source\repos\eigenwrapper\eigenwrapperuwp\release\qualifiers.txt
c:\users\jmock\source\repos\eigenwrapper\eigenwrapperuwp\release\qualifiers.txt.intermediate
c:\users\jmock\source\repos\eigenwrapper\eigenwrapperuwp\release\multiplequalifiersperdimensionfound.txt
c:\users\jmock\source\repos\eigenwrapper\release\eigenwrapperuwp\eigenwrapperuwp.dll
c:\users\jmock\source\repos\eigenwrapper\release\eigenwrapperuwp\eigenwrapperuwp.pdb
c:\users\jmock\source\repos\eigenwrapper\eigenwrapperuwp\release\eigenwrapperuwp.tlog\cl.command.1.tlog
c:\users\jmock\source\repos\eigenwrapper\eigenwrapperuwp\release\eigenwrapperuwp.tlog\cl.read.1.tlog
c:\users\jmock\source\repos\eigenwrapper\eigenwrapperuwp\release\eigenwrapperuwp.tlog\cl.write.1.tlog
c:\users\jmock\source\repos\eigenwrapper\eigenwrapperuwp\release\eigenwrapperuwp.tlog\eigenwrapperuwp.read.1u.tlog
c:\users\jmock\source\repos\eigenwrapper\eigenwrapperuwp\release\eigenwrapperuwp.tlog\eigenwrapperuwp.write.1u.tlog
c:\users\jmock\source\repos\eigenwrapper\eigenwrapperuwp\release\eigenwrapperuwp.tlog\link.command.1.tlog
c:\users\jmock\source\repos\eigenwrapper\eigenwrapperuwp\release\eigenwrapperuwp.tlog\link.read.1.tlog
c:\users\jmock\source\repos\eigenwrapper\eigenwrapperuwp\release\eigenwrapperuwp.tlog\link.write.1.tlog
