  Source.cpp
C:\Users\jmock\source\repos\EigenWrapper\EigenWrapper\Source.cpp(161,11): warning C4244: '=': conversion from 'int' to 'float', possible loss of data
C:\Users\jmock\Documents\eigen-3.3.7\eigen-3.3.7\unsupported\Eigen\src\MatrixFunctions\MatrixPower.h(203,1): warning C4305: 'initializing': truncation from 'long double' to 'float'
C:\Users\jmock\Documents\eigen-3.3.7\eigen-3.3.7\unsupported\Eigen\src\MatrixFunctions\MatrixPower.h(196): message : while compiling class template member function 'void Eigen::MatrixPowerAtomic<Eigen::Matrix<std::complex<float>,-1,-1,0,-1,-1>>::computeBig(Eigen::Block<Derived,-1,-1,false> &) const'
          with
          [
              Derived=Eigen::Matrix<std::complex<float>,-1,-1,0,-1,-1>
          ]
C:\Users\jmock\Documents\eigen-3.3.7\eigen-3.3.7\unsupported\Eigen\src\MatrixFunctions\MatrixPower.h(157): message : see reference to function template instantiation 'void Eigen::MatrixPowerAtomic<Eigen::Matrix<std::complex<float>,-1,-1,0,-1,-1>>::computeBig(Eigen::Block<Derived,-1,-1,false> &) const' being compiled
          with
          [
              Derived=Eigen::Matrix<std::complex<float>,-1,-1,0,-1,-1>
          ]
C:\Users\jmock\Documents\eigen-3.3.7\eigen-3.3.7\unsupported\Eigen\src\MatrixFunctions\MatrixPower.h(136): message : while compiling class template member function 'Eigen::MatrixPowerAtomic<Eigen::Matrix<std::complex<float>,-1,-1,0,-1,-1>>::MatrixPowerAtomic(const MatrixType &,float)'
          with
          [
              MatrixType=Eigen::Matrix<std::complex<float>,-1,-1,0,-1,-1>
          ]
C:\Users\jmock\Documents\eigen-3.3.7\eigen-3.3.7\unsupported\Eigen\src\MatrixFunctions\MatrixPower.h(559): message : see reference to function template instantiation 'Eigen::MatrixPowerAtomic<Eigen::Matrix<std::complex<float>,-1,-1,0,-1,-1>>::MatrixPowerAtomic(const MatrixType &,float)' being compiled
          with
          [
              MatrixType=Eigen::Matrix<std::complex<float>,-1,-1,0,-1,-1>
          ]
C:\Users\jmock\Documents\eigen-3.3.7\eigen-3.3.7\unsupported\Eigen\src\MatrixFunctions\MatrixPower.h(559): message : see reference to class template instantiation 'Eigen::MatrixPowerAtomic<Eigen::Matrix<std::complex<float>,-1,-1,0,-1,-1>>' being compiled
C:\Users\jmock\Documents\eigen-3.3.7\eigen-3.3.7\unsupported\Eigen\src\MatrixFunctions\MatrixPower.h(465): message : see reference to function template instantiation 'void Eigen::MatrixPower<Eigen::Matrix<float,-1,-1,0,-1,-1>>::computeFracPower<ResultType>(ResultType &,float)' being compiled
          with
          [
              ResultType=Eigen::Matrix<float,-1,-1,0,-1,-1>
          ]
C:\Users\jmock\Documents\eigen-3.3.7\eigen-3.3.7\unsupported\Eigen\src\MatrixFunctions\MatrixPower.h(465): message : see reference to function template instantiation 'void Eigen::MatrixPower<Eigen::Matrix<float,-1,-1,0,-1,-1>>::computeFracPower<ResultType>(ResultType &,float)' being compiled
          with
          [
              ResultType=Eigen::Matrix<float,-1,-1,0,-1,-1>
          ]
C:\Users\jmock\Documents\eigen-3.3.7\eigen-3.3.7\unsupported\Eigen\src\MatrixFunctions\MatrixPower.h(622): message : see reference to function template instantiation 'void Eigen::MatrixPower<Eigen::Matrix<float,-1,-1,0,-1,-1>>::compute<ResultType>(ResultType &,float)' being compiled
          with
          [
              ResultType=Eigen::Matrix<float,-1,-1,0,-1,-1>
          ]
C:\Users\jmock\Documents\eigen-3.3.7\eigen-3.3.7\unsupported\Eigen\src\MatrixFunctions\MatrixPower.h(622): message : see reference to function template instantiation 'void Eigen::MatrixPower<Eigen::Matrix<float,-1,-1,0,-1,-1>>::compute<ResultType>(ResultType &,float)' being compiled
          with
          [
              ResultType=Eigen::Matrix<float,-1,-1,0,-1,-1>
          ]
C:\Users\jmock\Documents\eigen-3.3.7\eigen-3.3.7\Eigen\src\Core\ReturnByValue.h(62): message : see reference to function template instantiation 'void Eigen::MatrixPowerReturnValue<Derived>::evalTo<Dest>(ResultType &) const' being compiled
          with
          [
              Derived=Eigen::CwiseBinaryOp<Eigen::internal::scalar_difference_op<float,float>,const Eigen::Matrix<float,-1,-1,0,-1,-1>,const Eigen::Replicate<Eigen::PartialReduxExpr<Eigen::Matrix<float,-1,-1,0,-1,-1>,Eigen::internal::member_mean<float>,1>,-1,-1>>,
              Dest=Eigen::Matrix<float,-1,-1,0,-1,-1>,
              ResultType=Eigen::Matrix<float,-1,-1,0,-1,-1>
          ]
C:\Users\jmock\Documents\eigen-3.3.7\eigen-3.3.7\Eigen\src\Core\ReturnByValue.h(62): message : see reference to function template instantiation 'void Eigen::MatrixPowerReturnValue<Derived>::evalTo<Dest>(ResultType &) const' being compiled
          with
          [
              Derived=Eigen::CwiseBinaryOp<Eigen::internal::scalar_difference_op<float,float>,const Eigen::Matrix<float,-1,-1,0,-1,-1>,const Eigen::Replicate<Eigen::PartialReduxExpr<Eigen::Matrix<float,-1,-1,0,-1,-1>,Eigen::internal::member_mean<float>,1>,-1,-1>>,
              Dest=Eigen::Matrix<float,-1,-1,0,-1,-1>,
              ResultType=Eigen::Matrix<float,-1,-1,0,-1,-1>
          ]
C:\Users\jmock\Documents\eigen-3.3.7\eigen-3.3.7\Eigen\src\Core\ReturnByValue.h(106): message : see reference to function template instantiation 'void Eigen::ReturnByValue<Eigen::MatrixPowerReturnValue<Derived>>::evalTo<Eigen::Matrix<float,-1,-1,0,-1,-1>>(Dest &) const' being compiled
          with
          [
              Derived=Eigen::CwiseBinaryOp<Eigen::internal::scalar_difference_op<float,float>,const Eigen::Matrix<float,-1,-1,0,-1,-1>,const Eigen::Replicate<Eigen::PartialReduxExpr<Eigen::Matrix<float,-1,-1,0,-1,-1>,Eigen::internal::member_mean<float>,1>,-1,-1>>,
              Dest=Eigen::Matrix<float,-1,-1,0,-1,-1>
          ]
C:\Users\jmock\Documents\eigen-3.3.7\eigen-3.3.7\Eigen\src\Core\ReturnByValue.h(106): message : see reference to function template instantiation 'void Eigen::ReturnByValue<Eigen::MatrixPowerReturnValue<Derived>>::evalTo<Eigen::Matrix<float,-1,-1,0,-1,-1>>(Dest &) const' being compiled
          with
          [
              Derived=Eigen::CwiseBinaryOp<Eigen::internal::scalar_difference_op<float,float>,const Eigen::Matrix<float,-1,-1,0,-1,-1>,const Eigen::Replicate<Eigen::PartialReduxExpr<Eigen::Matrix<float,-1,-1,0,-1,-1>,Eigen::internal::member_mean<float>,1>,-1,-1>>,
              Dest=Eigen::Matrix<float,-1,-1,0,-1,-1>
          ]
C:\Users\jmock\Documents\eigen-3.3.7\eigen-3.3.7\Eigen\src\Core\ReturnByValue.h(102): message : while compiling class template member function 'Eigen::internal::evaluator<T>::evaluator(const Eigen::ReturnByValue<Eigen::MatrixPowerReturnValue<Derived>> &)'
          with
          [
              T=Eigen::ReturnByValue<Eigen::MatrixPowerReturnValue<Eigen::CwiseBinaryOp<Eigen::internal::scalar_difference_op<float,float>,const Eigen::Matrix<float,-1,-1,0,-1,-1>,const Eigen::Replicate<Eigen::PartialReduxExpr<Eigen::Matrix<float,-1,-1,0,-1,-1>,Eigen::internal::member_mean<float>,1>,-1,-1>>>>,
              Derived=Eigen::CwiseBinaryOp<Eigen::internal::scalar_difference_op<float,float>,const Eigen::Matrix<float,-1,-1,0,-1,-1>,const Eigen::Replicate<Eigen::PartialReduxExpr<Eigen::Matrix<float,-1,-1,0,-1,-1>,Eigen::internal::member_mean<float>,1>,-1,-1>>
          ]
C:\Users\jmock\Documents\eigen-3.3.7\eigen-3.3.7\Eigen\src\Core\CoreEvaluators.h(103): message : see reference to function template instantiation 'Eigen::internal::evaluator<T>::evaluator(const Eigen::ReturnByValue<Eigen::MatrixPowerReturnValue<Derived>> &)' being compiled
          with
          [
              T=Eigen::ReturnByValue<Eigen::MatrixPowerReturnValue<Eigen::CwiseBinaryOp<Eigen::internal::scalar_difference_op<float,float>,const Eigen::Matrix<float,-1,-1,0,-1,-1>,const Eigen::Replicate<Eigen::PartialReduxExpr<Eigen::Matrix<float,-1,-1,0,-1,-1>,Eigen::internal::member_mean<float>,1>,-1,-1>>>>,
              Derived=Eigen::CwiseBinaryOp<Eigen::internal::scalar_difference_op<float,float>,const Eigen::Matrix<float,-1,-1,0,-1,-1>,const Eigen::Replicate<Eigen::PartialReduxExpr<Eigen::Matrix<float,-1,-1,0,-1,-1>,Eigen::internal::member_mean<float>,1>,-1,-1>>
          ]
C:\Users\jmock\Documents\eigen-3.3.7\eigen-3.3.7\Eigen\src\Core\CoreEvaluators.h(101): message : see reference to class template instantiation 'Eigen::internal::evaluator<T>' being compiled
          with
          [
              T=Eigen::ReturnByValue<Eigen::MatrixPowerReturnValue<Eigen::CwiseBinaryOp<Eigen::internal::scalar_difference_op<float,float>,const Eigen::Matrix<float,-1,-1,0,-1,-1>,const Eigen::Replicate<Eigen::PartialReduxExpr<Eigen::Matrix<float,-1,-1,0,-1,-1>,Eigen::internal::member_mean<float>,1>,-1,-1>>>>
          ]
C:\Users\jmock\Documents\eigen-3.3.7\eigen-3.3.7\Eigen\src\Core\util\XprHelper.h(352): message : see reference to class template instantiation 'Eigen::internal::evaluator<T>' being compiled
          with
          [
              T=Eigen::ReturnByValue<Eigen::MatrixPowerReturnValue<Eigen::CwiseBinaryOp<Eigen::internal::scalar_difference_op<float,float>,const Eigen::Matrix<float,-1,-1,0,-1,-1>,const Eigen::Replicate<Eigen::PartialReduxExpr<Eigen::Matrix<float,-1,-1,0,-1,-1>,Eigen::internal::member_mean<float>,1>,-1,-1>>>>
          ]
C:\Users\jmock\Documents\eigen-3.3.7\eigen-3.3.7\Eigen\src\Core\CoreEvaluators.h(1277): message : see reference to class template instantiation 'Eigen::internal::plain_object_eval<T,Eigen::internal::traits<PlainObjectType>::StorageKind>' being compiled
          with
          [
              T=Eigen::ReturnByValue<Eigen::MatrixPowerReturnValue<Eigen::CwiseBinaryOp<Eigen::internal::scalar_difference_op<float,float>,const Eigen::Matrix<float,-1,-1,0,-1,-1>,const Eigen::Replicate<Eigen::PartialReduxExpr<Eigen::Matrix<float,-1,-1,0,-1,-1>,Eigen::internal::member_mean<float>,1>,-1,-1>>>>,
              PlainObjectType=Eigen::MatrixXf
          ]
C:\Users\jmock\Documents\eigen-3.3.7\eigen-3.3.7\Eigen\src\Core\Redux.h(349): message : see reference to class template instantiation 'Eigen::internal::evaluator<Eigen::PartialReduxExpr<ExpressionType,Eigen::internal::member_sum<Scalar_>,0>>' being compiled
          with
          [
              ExpressionType=Eigen::ReturnByValue<Eigen::MatrixPowerReturnValue<Eigen::CwiseBinaryOp<Eigen::internal::scalar_difference_op<float,float>,const Eigen::Matrix<float,-1,-1,0,-1,-1>,const Eigen::Replicate<Eigen::PartialReduxExpr<Eigen::Matrix<float,-1,-1,0,-1,-1>,Eigen::internal::member_mean<float>,1>,-1,-1>>>>,
              Scalar_=float
          ]
C:\Users\jmock\Documents\eigen-3.3.7\eigen-3.3.7\Eigen\src\Core\Redux.h(416): message : see reference to class template instantiation 'Eigen::internal::redux_evaluator<Derived>' being compiled
          with
          [
              Derived=Eigen::PartialReduxExpr<const Eigen::ReturnByValue<Eigen::MatrixPowerReturnValue<Eigen::CwiseBinaryOp<Eigen::internal::scalar_difference_op<float,float>,const Eigen::Matrix<float,-1,-1,0,-1,-1>,const Eigen::Replicate<Eigen::PartialReduxExpr<Eigen::Matrix<float,-1,-1,0,-1,-1>,Eigen::internal::member_mean<float>,1>,-1,-1>>>>,Eigen::internal::member_sum<float>,0>
          ]
C:\Users\jmock\Documents\eigen-3.3.7\eigen-3.3.7\Eigen\src\Core\Redux.h(453): message : see reference to function template instantiation 'float Eigen::DenseBase<Derived>::redux<Eigen::internal::scalar_sum_op<float,float>>(const Func &) const' being compiled
          with
          [
              Derived=Eigen::PartialReduxExpr<const Eigen::ReturnByValue<Eigen::MatrixPowerReturnValue<Eigen::CwiseBinaryOp<Eigen::internal::scalar_difference_op<float,float>,const Eigen::Matrix<float,-1,-1,0,-1,-1>,const Eigen::Replicate<Eigen::PartialReduxExpr<Eigen::Matrix<float,-1,-1,0,-1,-1>,Eigen::internal::member_mean<float>,1>,-1,-1>>>>,Eigen::internal::member_sum<float>,0>,
              Func=Eigen::internal::scalar_sum_op<float,float>
          ]
C:\Users\jmock\Documents\eigen-3.3.7\eigen-3.3.7\Eigen\src\Core\Redux.h(453): message : see reference to function template instantiation 'float Eigen::DenseBase<Derived>::redux<Eigen::internal::scalar_sum_op<float,float>>(const Func &) const' being compiled
          with
          [
              Derived=Eigen::PartialReduxExpr<const Eigen::ReturnByValue<Eigen::MatrixPowerReturnValue<Eigen::CwiseBinaryOp<Eigen::internal::scalar_difference_op<float,float>,const Eigen::Matrix<float,-1,-1,0,-1,-1>,const Eigen::Replicate<Eigen::PartialReduxExpr<Eigen::Matrix<float,-1,-1,0,-1,-1>,Eigen::internal::member_mean<float>,1>,-1,-1>>>>,Eigen::internal::member_sum<float>,0>,
              Func=Eigen::internal::scalar_sum_op<float,float>
          ]
C:\Users\jmock\Documents\eigen-3.3.7\eigen-3.3.7\Eigen\src\Core\Redux.h(450): message : while compiling class template member function 'float Eigen::DenseBase<Derived>::sum(void) const'
          with
          [
              Derived=Eigen::PartialReduxExpr<const Eigen::ReturnByValue<Eigen::MatrixPowerReturnValue<Eigen::CwiseBinaryOp<Eigen::internal::scalar_difference_op<float,float>,const Eigen::Matrix<float,-1,-1,0,-1,-1>,const Eigen::Replicate<Eigen::PartialReduxExpr<Eigen::Matrix<float,-1,-1,0,-1,-1>,Eigen::internal::member_mean<float>,1>,-1,-1>>>>,Eigen::internal::member_sum<float>,0>
          ]
C:\Users\jmock\source\repos\EigenWrapper\EigenWrapper\Source.cpp(148): message : see reference to function template instantiation 'float Eigen::DenseBase<Derived>::sum(void) const' being compiled
          with
          [
              Derived=Eigen::PartialReduxExpr<const Eigen::ReturnByValue<Eigen::MatrixPowerReturnValue<Eigen::CwiseBinaryOp<Eigen::internal::scalar_difference_op<float,float>,const Eigen::Matrix<float,-1,-1,0,-1,-1>,const Eigen::Replicate<Eigen::PartialReduxExpr<Eigen::Matrix<float,-1,-1,0,-1,-1>,Eigen::internal::member_mean<float>,1>,-1,-1>>>>,Eigen::internal::member_sum<float>,0>
          ]
C:\Users\jmock\Documents\eigen-3.3.7\eigen-3.3.7\Eigen\src\Core\MatrixBase.h(50): message : see reference to class template instantiation 'Eigen::DenseBase<Derived>' being compiled
          with
          [
              Derived=Eigen::PartialReduxExpr<const Eigen::ReturnByValue<Eigen::MatrixPowerReturnValue<Eigen::CwiseBinaryOp<Eigen::internal::scalar_difference_op<float,float>,const Eigen::Matrix<float,-1,-1,0,-1,-1>,const Eigen::Replicate<Eigen::PartialReduxExpr<Eigen::Matrix<float,-1,-1,0,-1,-1>,Eigen::internal::member_mean<float>,1>,-1,-1>>>>,Eigen::internal::member_sum<float>,0>
          ]
C:\Users\jmock\Documents\eigen-3.3.7\eigen-3.3.7\Eigen\src\Core\VectorwiseOp.h(56): message : see reference to class template instantiation 'Eigen::MatrixBase<Derived>' being compiled
          with
          [
              Derived=Eigen::PartialReduxExpr<const Eigen::ReturnByValue<Eigen::MatrixPowerReturnValue<Eigen::CwiseBinaryOp<Eigen::internal::scalar_difference_op<float,float>,const Eigen::Matrix<float,-1,-1,0,-1,-1>,const Eigen::Replicate<Eigen::PartialReduxExpr<Eigen::Matrix<float,-1,-1,0,-1,-1>,Eigen::internal::member_mean<float>,1>,-1,-1>>>>,Eigen::internal::member_sum<float>,0>
          ]
C:\Users\jmock\source\repos\EigenWrapper\EigenWrapper\Source.cpp(148): message : see reference to class template instantiation 'Eigen::PartialReduxExpr<ExpressionType,Eigen::internal::member_sum<Scalar_>,0>' being compiled
          with
          [
              ExpressionType=Eigen::ReturnByValue<Eigen::MatrixPowerReturnValue<Eigen::CwiseBinaryOp<Eigen::internal::scalar_difference_op<float,float>,const Eigen::Matrix<float,-1,-1,0,-1,-1>,const Eigen::Replicate<Eigen::PartialReduxExpr<Eigen::Matrix<float,-1,-1,0,-1,-1>,Eigen::internal::member_mean<float>,1>,-1,-1>>>>,
              Scalar_=float
          ]
     Creating library C:\Users\jmock\source\repos\EigenWrapper\x64\Release\EigenWrapper.lib and object C:\Users\jmock\source\repos\EigenWrapper\x64\Release\EigenWrapper.exp
  Generating code
  16 of 11126 functions ( 0.1%) were compiled, the rest were copied from previous compilation.
    0 functions were new in current compilation
    1259 functions had inline decision re-evaluated but remain unchanged
  Finished generating code
  EigenWrapper.vcxproj -> C:\Users\jmock\source\repos\EigenWrapper\x64\Release\EigenWrapper.dll
